<?xml version="1.0" encoding="UTF-8"?>
<!-- Generated by org.testng.reporters.JUnitReportReporter -->
<testsuite hostname="LAPTOP-AIVN7TRG" failures="0" tests="1" name="testng.T2" time="0.829" errors="0" timestamp="2021-04-05T11:59:50 GMT-07:00" skipped="0">
  <testcase classname="testng.T2" name="search" time="0.829"/>
  <system-out/>
</testsuite> <!-- testng.T2 -->
